c:\users\justin\source\repos\puppet2\puppet2\x64\debug\vc143.pdb
c:\users\justin\source\repos\puppet2\puppet2\x64\debug\vc143.idb
c:\users\justin\source\repos\puppet2\puppet2\x64\debug\zmapper.obj
c:\users\justin\source\repos\puppet2\puppet2\x64\debug\zmap.obj
c:\users\justin\source\repos\puppet2\puppet2\x64\debug\texture.obj
c:\users\justin\source\repos\puppet2\puppet2\x64\debug\surface.obj
c:\users\justin\source\repos\puppet2\puppet2\x64\debug\sound.obj
c:\users\justin\source\repos\puppet2\puppet2\x64\debug\main.obj
c:\users\justin\source\repos\puppet2\puppet2\x64\debug\level.obj
c:\users\justin\source\repos\puppet2\puppet2\x64\debug\internalobject.obj
c:\users\justin\source\repos\puppet2\puppet2\x64\debug\graphics.obj
c:\users\justin\source\repos\puppet2\puppet2\x64\debug\dynamic3d.obj
c:\users\justin\source\repos\puppet2\puppet2\x64\debug\default3d.obj
c:\users\justin\source\repos\puppet2\puppet2\x64\debug\default2d.obj
c:\users\justin\source\repos\puppet2\puppet2\x64\debug\debuggraphics.obj
c:\users\justin\source\repos\puppet2\puppet2\x64\debug\debug_camera.obj
c:\users\justin\source\repos\puppet2\puppet2\x64\debug\collision.obj
c:\users\justin\source\repos\puppet2\puppet2\x64\debug\glad.obj
c:\users\justin\source\repos\puppet2\x64\debug\puppet2.exe
c:\users\justin\source\repos\puppet2\puppet2\x64\debug\puppet2.ilk
c:\users\justin\source\repos\puppet2\x64\debug\puppet2.pdb
c:\users\justin\source\repos\puppet2\puppet2\x64\debug\puppet2.tlog\cl.command.1.tlog
c:\users\justin\source\repos\puppet2\puppet2\x64\debug\puppet2.tlog\cl.read.1.tlog
c:\users\justin\source\repos\puppet2\puppet2\x64\debug\puppet2.tlog\cl.write.1.tlog
c:\users\justin\source\repos\puppet2\puppet2\x64\debug\puppet2.tlog\link.command.1.tlog
c:\users\justin\source\repos\puppet2\puppet2\x64\debug\puppet2.tlog\link.read.1.tlog
c:\users\justin\source\repos\puppet2\puppet2\x64\debug\puppet2.tlog\link.write.1.tlog
